2021-02-24 15:30:30 ERROR SpringApplication:856 - Application run failed
java.lang.IllegalStateException: java.lang.IllegalStateException: Could not initialize Java logging from ../src/main/resources/log4j.properties
	at org.springframework.boot.context.logging.LoggingApplicationListener.initializeSystem(LoggingApplicationListener.java:327)
	at org.springframework.boot.context.logging.LoggingApplicationListener.initialize(LoggingApplicationListener.java:281)
	at org.springframework.boot.context.logging.LoggingApplicationListener.onApplicationEnvironmentPreparedEvent(LoggingApplicationListener.java:239)
	at org.springframework.boot.context.logging.LoggingApplicationListener.onApplicationEvent(LoggingApplicationListener.java:216)
	at org.springframework.context.event.SimpleApplicationEventMulticaster.doInvokeListener(SimpleApplicationEventMulticaster.java:176)
	at org.springframework.context.event.SimpleApplicationEventMulticaster.invokeListener(SimpleApplicationEventMulticaster.java:169)
	at org.springframework.context.event.SimpleApplicationEventMulticaster.multicastEvent(SimpleApplicationEventMulticaster.java:143)
	at org.springframework.context.event.SimpleApplicationEventMulticaster.multicastEvent(SimpleApplicationEventMulticaster.java:131)
	at org.springframework.boot.context.event.EventPublishingRunListener.environmentPrepared(EventPublishingRunListener.java:82)
	at org.springframework.boot.SpringApplicationRunListeners.lambda$environmentPrepared$2(SpringApplicationRunListeners.java:63)
	at java.util.ArrayList.forEach(ArrayList.java:1257)
	at org.springframework.boot.SpringApplicationRunListeners.doWithListeners(SpringApplicationRunListeners.java:117)
	at org.springframework.boot.SpringApplicationRunListeners.doWithListeners(SpringApplicationRunListeners.java:111)
	at org.springframework.boot.SpringApplicationRunListeners.environmentPrepared(SpringApplicationRunListeners.java:62)
	at org.springframework.boot.SpringApplication.prepareEnvironment(SpringApplication.java:362)
	at org.springframework.boot.SpringApplication.run(SpringApplication.java:320)
	at org.springframework.boot.SpringApplication.run(SpringApplication.java:1311)
	at org.springframework.boot.SpringApplication.run(SpringApplication.java:1300)
	at com.nikhil.optionstradingapp.OptionsTradingAppApplication.main(OptionsTradingAppApplication.java:40)
Caused by: java.lang.IllegalStateException: Could not initialize Java logging from ../src/main/resources/log4j.properties
	at org.springframework.boot.logging.java.JavaLoggingSystem.loadConfiguration(JavaLoggingSystem.java:113)
	at org.springframework.boot.logging.java.JavaLoggingSystem.loadConfiguration(JavaLoggingSystem.java:99)
	at org.springframework.boot.logging.AbstractLoggingSystem.initializeWithSpecificConfig(AbstractLoggingSystem.java:66)
	at org.springframework.boot.logging.AbstractLoggingSystem.initialize(AbstractLoggingSystem.java:57)
	at org.springframework.boot.context.logging.LoggingApplicationListener.initializeSystem(LoggingApplicationListener.java:315)
	... 18 more
Caused by: java.io.FileNotFoundException: C:\Users\nkhls\Downloads\options-trading-app\..\src\main\resources\log4j.properties (The system cannot find the path specified)
	at java.io.FileInputStream.open0(Native Method)
	at java.io.FileInputStream.open(FileInputStream.java:195)
	at java.io.FileInputStream.<init>(FileInputStream.java:138)
	at java.io.FileInputStream.<init>(FileInputStream.java:93)
	at sun.net.www.protocol.file.FileURLConnection.connect(FileURLConnection.java:90)
	at sun.net.www.protocol.file.FileURLConnection.getInputStream(FileURLConnection.java:188)
	at java.net.URL.openStream(URL.java:1057)
	at org.springframework.boot.logging.java.JavaLoggingSystem.loadConfiguration(JavaLoggingSystem.java:106)
	... 22 more
2021-02-24 15:30:59 INFO  OptionsTradingAppApplication:55 - Starting OptionsTradingAppApplication using Java 1.8.0_221 on Nikhil-Deepti with PID 4416 (C:\Users\nkhls\Downloads\options-trading-app\target\classes started by nkhls in C:\Users\nkhls\Downloads\options-trading-app)
2021-02-24 15:30:59 INFO  OptionsTradingAppApplication:660 - No active profile set, falling back to default profiles: default
2021-02-24 15:31:00 INFO  PostProcessorRegistrationDelegate$BeanPostProcessorChecker:350 - Bean 'org.springframework.retry.annotation.RetryConfiguration' of type [org.springframework.retry.annotation.RetryConfiguration] is not eligible for getting processed by all BeanPostProcessors (for example: not eligible for auto-proxying)
2021-02-24 15:31:00 INFO  TomcatWebServer:108 - Tomcat initialized with port(s): 8080 (http)
2021-02-24 15:31:00 INFO  ServletWebServerApplicationContext:289 - Root WebApplicationContext: initialization completed in 1478 ms
2021-02-24 15:31:01 INFO  PropertySourcedRequestMappingHandlerMapping:69 - Mapped URL path [/v2/api-docs] onto method [springfox.documentation.swagger2.web.Swagger2Controller#getDocumentation(String, HttpServletRequest)]
2021-02-24 15:31:01 INFO  ThreadPoolTaskExecutor:181 - Initializing ExecutorService 'applicationTaskExecutor'
2021-02-24 15:31:01 INFO  ThreadPoolTaskScheduler:181 - Initializing ExecutorService 'taskScheduler'
2021-02-24 15:31:01 INFO  TomcatWebServer:220 - Tomcat started on port(s): 8080 (http) with context path ''
2021-02-24 15:31:01 INFO  DocumentationPluginsBootstrapper:160 - Context refreshed
2021-02-24 15:31:01 INFO  DocumentationPluginsBootstrapper:163 - Found 1 custom documentation plugin(s)
2021-02-24 15:31:01 INFO  ApiListingReferenceScanner:41 - Scanning for api listing references
2021-02-24 15:31:01 INFO  OptionsTradingAppApplication:61 - Started OptionsTradingAppApplication in 2.829 seconds (JVM running for 3.262)
2021-02-24 15:31:01 INFO  AuthorizationServiceImpl:48 - parameters passed with login request, userId:DS45079, password:Times@12345, yob:1990
2021-02-24 15:31:02 INFO  AuthorizationServiceImpl:58 - Login Successful, AuthResponse{serverTime='24/02/21 15:31:02', msgId='21b49cfb-106a-4a04-b48c-ef14eb532f33', status='Success', statusMessage='Login session token generated successfully ', sessionToken='896011bc1b3d01939bdbdd3266e5c4a7', accountId='DS45079', accountName='SHASHANK SHRIVASTAVA', exchangeList=[BSE, BFO, CDS, NSE], orderTypeList=[MKT, L, SL], productList=[MIS, CNC, NRML]}
2021-02-24 15:31:20 INFO  SpotPriceServiceImpl:45 - Getting spot price with values:
exchange:NFO ,symbol name:NIFTY50.
2021-02-24 15:31:20 INFO  SpotPriceServiceImpl:49 - Returned: spot price :14706.30 at :24/02/21 15:31:20
